Build started 6/20/2016 2:19:49 PM.
     1>Project "C:\Users\Liam\Documents\GitHub\ConvolutionalNeuralNetwork\CNN\CNN\CNN.vcxproj" on node 2 (Build target(s)).
     1>ClCompile:
         C:\Program Files (x86)\Microsoft Visual Studio 12.0\VC\bin\x86_amd64\CL.exe /c /Zi /nologo /W3 /WX- /sdl /O2 /Oi /GL /D _MBCS /Gm- /EHsc /MD /GS /Gy /fp:precise /Zc:wchar_t /Zc:forScope /Fo"x64\Release\\" /Fd"x64\Release\vc120.pdb" /Gd /TP /errorReport:prompt imatrix.h neuralnet.cpp neuralnet.h neuralnetanalyzer.cpp
         imatrix.h
         neuralnet.cpp
     1>c:\users\liam\documents\github\convolutionalneuralnetwork\cnn\cnn\ilayer.h(227): warning C4244: 'return' : conversion from 'int' to 'float', possible loss of data
     1>c:\users\liam\documents\github\convolutionalneuralnetwork\cnn\cnn\ilayer.h(251): warning C4244: '=' : conversion from 'int' to 'float', possible loss of data
     1>neuralnet.cpp(353): warning C4267: 'initializing' : conversion from 'size_t' to 'int', possible loss of data
     1>neuralnet.cpp(406): warning C4244: '=' : conversion from 'double' to 'float', possible loss of data
     1>neuralnet.cpp(420): warning C4267: 'initializing' : conversion from 'size_t' to 'int', possible loss of data
     1>neuralnet.cpp(425): warning C4267: 'initializing' : conversion from 'size_t' to 'int', possible loss of data
     1>neuralnet.cpp(430): warning C4267: 'initializing' : conversion from 'size_t' to 'int', possible loss of data
     1>neuralnet.cpp(471): warning C4244: '=' : conversion from 'double' to 'float', possible loss of data
     1>neuralnet.cpp(485): warning C4267: 'initializing' : conversion from 'size_t' to 'int', possible loss of data
     1>neuralnet.cpp(490): warning C4267: 'initializing' : conversion from 'size_t' to 'int', possible loss of data
     1>neuralnet.cpp(578): warning C4267: 'initializing' : conversion from 'size_t' to 'int', possible loss of data
         neuralnet.h
     1>c:\users\liam\documents\github\convolutionalneuralnetwork\cnn\cnn\ilayer.h(227): warning C4244: 'return' : conversion from 'int' to 'float', possible loss of data
     1>c:\users\liam\documents\github\convolutionalneuralnetwork\cnn\cnn\ilayer.h(251): warning C4244: '=' : conversion from 'int' to 'float', possible loss of data
         neuralnetanalyzer.cpp
     1>c:\users\liam\documents\github\convolutionalneuralnetwork\cnn\cnn\ilayer.h(227): warning C4244: 'return' : conversion from 'int' to 'float', possible loss of data
     1>c:\users\liam\documents\github\convolutionalneuralnetwork\cnn\cnn\ilayer.h(251): warning C4244: '=' : conversion from 'int' to 'float', possible loss of data
       Lib:
         C:\Program Files (x86)\Microsoft Visual Studio 12.0\VC\bin\x86_amd64\Lib.exe /OUT:"C:\Users\Liam\Documents\GitHub\ConvolutionalNeuralNetwork\CNN\x64\Release\CNN.lib" /NOLOGO /MACHINE:X64 /LTCG x64\Release\imatrix.obj
         x64\Release\neuralnet.obj
         x64\Release\neuralnet.obj
         x64\Release\neuralnetanalyzer.obj
     1>x64\Release\neuralnet.obj : warning LNK4042: object specified more than once; extras ignored
         CNN.vcxproj -> C:\Users\Liam\Documents\GitHub\ConvolutionalNeuralNetwork\CNN\x64\Release\CNN.lib
     1>Done Building Project "C:\Users\Liam\Documents\GitHub\ConvolutionalNeuralNetwork\CNN\CNN\CNN.vcxproj" (Build target(s)).

Build succeeded.

Time Elapsed 00:00:02.70
