Build started 12/27/2014 8:59:56 AM.
     1>Project "C:\Users\Liam\Documents\GitHub\ConvolutionalNeuralNetwork\CNN\CNN\CNN.vcxproj" on node 2 (Build target(s)).
     1>ClCompile:
         C:\Program Files (x86)\Microsoft Visual Studio 12.0\VC\bin\CL.exe /c /Zi /nologo /W3 /WX- /sdl /O2 /Oi /Oy- /GL /D _WINDLL /D _MBCS /Gm- /EHsc /MD /GS /Gy /fp:precise /Zc:wchar_t /Zc:forScope /Fo"Release\\" /Fd"Release\vc120.pdb" /Gd /TP /analyze- /errorReport:prompt imatrix.h main.cpp neuralnet.cpp neuralnet.h
         imatrix.h
         main.cpp
     1>c:\users\liam\documents\github\convolutionalneuralnetwork\cnn\cnn\ilayer.h(49): warning C4018: '<' : signed/unsigned mismatch
     1>c:\users\liam\documents\github\convolutionalneuralnetwork\cnn\cnn\ilayer.h(50): warning C4018: '<' : signed/unsigned mismatch
     1>c:\users\liam\documents\github\convolutionalneuralnetwork\cnn\cnn\ilayer.h(51): warning C4018: '<' : signed/unsigned mismatch
     1>c:\users\liam\documents\github\convolutionalneuralnetwork\cnn\cnn\ilayer.h(85): warning C4018: '<' : signed/unsigned mismatch
     1>c:\users\liam\documents\github\convolutionalneuralnetwork\cnn\cnn\ilayer.h(87): warning C4018: '<' : signed/unsigned mismatch
     1>c:\users\liam\documents\github\convolutionalneuralnetwork\cnn\cnn\ilayer.h(90): warning C4018: '<' : signed/unsigned mismatch
     1>c:\users\liam\documents\github\convolutionalneuralnetwork\cnn\cnn\ilayer.h(92): warning C4018: '<' : signed/unsigned mismatch
     1>c:\users\liam\documents\github\convolutionalneuralnetwork\cnn\cnn\ilayer.h(104): warning C4018: '<' : signed/unsigned mismatch
     1>c:\users\liam\documents\github\convolutionalneuralnetwork\cnn\cnn\ilayer.h(106): warning C4018: '<' : signed/unsigned mismatch
     1>c:\users\liam\documents\github\convolutionalneuralnetwork\cnn\cnn\ilayer.h(109): warning C4018: '<' : signed/unsigned mismatch
     1>c:\users\liam\documents\github\convolutionalneuralnetwork\cnn\cnn\ilayer.h(111): warning C4018: '<' : signed/unsigned mismatch
     1>c:\users\liam\documents\github\convolutionalneuralnetwork\cnn\cnn\ilayer.h(120): warning C4018: '<' : signed/unsigned mismatch
     1>c:\users\liam\documents\github\convolutionalneuralnetwork\cnn\cnn\ilayer.h(121): warning C4018: '<' : signed/unsigned mismatch
     1>c:\users\liam\documents\github\convolutionalneuralnetwork\cnn\cnn\ilayer.h(145): warning C4018: '<' : signed/unsigned mismatch
     1>c:\users\liam\documents\github\convolutionalneuralnetwork\cnn\cnn\ilayer.h(147): warning C4018: '<' : signed/unsigned mismatch
     1>main.cpp(10): warning C4244: 'argument' : conversion from 'time_t' to 'unsigned int', possible loss of data
     1>main.cpp(30): warning C4244: 'initializing' : conversion from 'int' to 'float', possible loss of data
     1>c:\users\liam\documents\github\convolutionalneuralnetwork\cnn\cnn\ilayer.h(180): warning C4018: '<' : signed/unsigned mismatch
                 c:\users\liam\documents\github\convolutionalneuralnetwork\cnn\cnn\ilayer.h(168) : while compiling class template member function 'ConvolutionLayer<1,1,1,1,2>::ConvolutionLayer(void)'
                 main.cpp(13) : see reference to function template instantiation 'ConvolutionLayer<1,1,1,1,2>::ConvolutionLayer(void)' being compiled
                 main.cpp(13) : see reference to class template instantiation 'ConvolutionLayer<1,1,1,1,2>' being compiled
     1>c:\users\liam\documents\github\convolutionalneuralnetwork\cnn\cnn\ilayer.h(199): warning C4018: '<' : signed/unsigned mismatch
                 c:\users\liam\documents\github\convolutionalneuralnetwork\cnn\cnn\ilayer.h(198) : while compiling class template member function 'ConvolutionLayer<1,1,1,1,2>::~ConvolutionLayer(void)'
     1>c:\users\liam\documents\github\convolutionalneuralnetwork\cnn\cnn\ilayer.h(204): warning C4018: '<' : signed/unsigned mismatch
     1>c:\users\liam\documents\github\convolutionalneuralnetwork\cnn\cnn\ilayer.h(230): warning C4018: '<' : signed/unsigned mismatch
                 c:\users\liam\documents\github\convolutionalneuralnetwork\cnn\cnn\ilayer.h(225) : while compiling class template member function 'std::vector<Matrix<float> *,std::allocator<_Ty>> ConvolutionLayer<1,1,1,1,2>::feed_backwards(std::vector<_Ty,std::allocator<_Ty>> &,const bool &)'
                 with
                 [
                     _Ty=Matrix<float> *
                 ]
     1>c:\users\liam\documents\github\convolutionalneuralnetwork\cnn\cnn\ilayer.h(232): warning C4018: '<' : signed/unsigned mismatch
     1>c:\users\liam\documents\github\convolutionalneuralnetwork\cnn\cnn\ilayer.h(242): warning C4018: '<' : signed/unsigned mismatch
     1>c:\users\liam\documents\github\convolutionalneuralnetwork\cnn\cnn\ilayer.h(268): warning C4018: '<' : signed/unsigned mismatch
     1>c:\users\liam\documents\github\convolutionalneuralnetwork\cnn\cnn\ilayer.h(269): warning C4018: '<' : signed/unsigned mismatch
     1>c:\users\liam\documents\github\convolutionalneuralnetwork\cnn\cnn\ilayer.h(297): warning C4018: '<' : signed/unsigned mismatch
                 c:\users\liam\documents\github\convolutionalneuralnetwork\cnn\cnn\ilayer.h(292) : while compiling class template member function 'std::vector<Matrix<float> *,std::allocator<_Ty>> ConvolutionLayer<1,1,1,1,2>::feed_backwards_prob(std::vector<_Ty,std::allocator<_Ty>> &,const bool &)'
                 with
                 [
                     _Ty=Matrix<float> *
                 ]
     1>c:\users\liam\documents\github\convolutionalneuralnetwork\cnn\cnn\ilayer.h(299): warning C4018: '<' : signed/unsigned mismatch
     1>c:\users\liam\documents\github\convolutionalneuralnetwork\cnn\cnn\ilayer.h(309): warning C4018: '<' : signed/unsigned mismatch
     1>c:\users\liam\documents\github\convolutionalneuralnetwork\cnn\cnn\ilayer.h(335): warning C4018: '<' : signed/unsigned mismatch
     1>c:\users\liam\documents\github\convolutionalneuralnetwork\cnn\cnn\ilayer.h(336): warning C4018: '<' : signed/unsigned mismatch
     1>c:\users\liam\documents\github\convolutionalneuralnetwork\cnn\cnn\ilayer.h(641): warning C4018: '<' : signed/unsigned mismatch
                 c:\users\liam\documents\github\convolutionalneuralnetwork\cnn\cnn\ilayer.h(640) : while compiling class template member function 'OutputLayer<1,1,1>::~OutputLayer(void)'
                 main.cpp(15) : see reference to class template instantiation 'OutputLayer<1,1,1>' being compiled
     1>c:\users\liam\documents\github\convolutionalneuralnetwork\cnn\cnn\ilayer.h(643): warning C4018: '<' : signed/unsigned mismatch
     1>c:\users\liam\documents\github\convolutionalneuralnetwork\cnn\cnn\ilayer.h(18): warning C4018: '<' : signed/unsigned mismatch
                 c:\users\liam\documents\github\convolutionalneuralnetwork\cnn\cnn\ilayer.h(219) : see reference to function template instantiation 'Matrix<float> *convolve<1,1,1>(Matrix<float> *&,Matrix<float> *&,Matrix<float> *&,int &)' being compiled
                 c:\users\liam\documents\github\convolutionalneuralnetwork\cnn\cnn\ilayer.h(212) : while compiling class template member function 'std::vector<Matrix<float> *,std::allocator<_Ty>> ConvolutionLayer<1,1,1,1,2>::feed_forwards(void)'
                 with
                 [
                     _Ty=Matrix<float> *
                 ]
     1>c:\users\liam\documents\github\convolutionalneuralnetwork\cnn\cnn\ilayer.h(20): warning C4018: '<' : signed/unsigned mismatch
         neuralnet.cpp
     1>c:\users\liam\documents\github\convolutionalneuralnetwork\cnn\cnn\ilayer.h(49): warning C4018: '<' : signed/unsigned mismatch
     1>c:\users\liam\documents\github\convolutionalneuralnetwork\cnn\cnn\ilayer.h(50): warning C4018: '<' : signed/unsigned mismatch
     1>c:\users\liam\documents\github\convolutionalneuralnetwork\cnn\cnn\ilayer.h(51): warning C4018: '<' : signed/unsigned mismatch
     1>c:\users\liam\documents\github\convolutionalneuralnetwork\cnn\cnn\ilayer.h(85): warning C4018: '<' : signed/unsigned mismatch
     1>c:\users\liam\documents\github\convolutionalneuralnetwork\cnn\cnn\ilayer.h(87): warning C4018: '<' : signed/unsigned mismatch
     1>c:\users\liam\documents\github\convolutionalneuralnetwork\cnn\cnn\ilayer.h(90): warning C4018: '<' : signed/unsigned mismatch
     1>c:\users\liam\documents\github\convolutionalneuralnetwork\cnn\cnn\ilayer.h(92): warning C4018: '<' : signed/unsigned mismatch
     1>c:\users\liam\documents\github\convolutionalneuralnetwork\cnn\cnn\ilayer.h(104): warning C4018: '<' : signed/unsigned mismatch
     1>c:\users\liam\documents\github\convolutionalneuralnetwork\cnn\cnn\ilayer.h(106): warning C4018: '<' : signed/unsigned mismatch
     1>c:\users\liam\documents\github\convolutionalneuralnetwork\cnn\cnn\ilayer.h(109): warning C4018: '<' : signed/unsigned mismatch
     1>c:\users\liam\documents\github\convolutionalneuralnetwork\cnn\cnn\ilayer.h(111): warning C4018: '<' : signed/unsigned mismatch
     1>c:\users\liam\documents\github\convolutionalneuralnetwork\cnn\cnn\ilayer.h(120): warning C4018: '<' : signed/unsigned mismatch
     1>c:\users\liam\documents\github\convolutionalneuralnetwork\cnn\cnn\ilayer.h(121): warning C4018: '<' : signed/unsigned mismatch
     1>c:\users\liam\documents\github\convolutionalneuralnetwork\cnn\cnn\ilayer.h(145): warning C4018: '<' : signed/unsigned mismatch
     1>c:\users\liam\documents\github\convolutionalneuralnetwork\cnn\cnn\ilayer.h(147): warning C4018: '<' : signed/unsigned mismatch
     1>neuralnet.cpp(18): warning C4018: '<' : signed/unsigned mismatch
     1>neuralnet.cpp(24): warning C4101: 'e' : unreferenced local variable
     1>neuralnet.cpp(37): warning C4018: '<' : signed/unsigned mismatch
     1>neuralnet.cpp(44): warning C4018: '<' : signed/unsigned mismatch
     1>neuralnet.cpp(47): warning C4018: '<' : signed/unsigned mismatch
     1>neuralnet.cpp(48): warning C4018: '<' : signed/unsigned mismatch
     1>neuralnet.cpp(49): warning C4018: '<' : signed/unsigned mismatch
     1>neuralnet.cpp(54): warning C4018: '<' : signed/unsigned mismatch
     1>neuralnet.cpp(57): warning C4018: '<' : signed/unsigned mismatch
     1>neuralnet.cpp(58): warning C4018: '<' : signed/unsigned mismatch
     1>neuralnet.cpp(59): warning C4018: '<' : signed/unsigned mismatch
     1>neuralnet.cpp(64): warning C4018: '<' : signed/unsigned mismatch
     1>neuralnet.cpp(67): warning C4018: '<' : signed/unsigned mismatch
     1>neuralnet.cpp(68): warning C4018: '<' : signed/unsigned mismatch
     1>neuralnet.cpp(69): warning C4018: '<' : signed/unsigned mismatch
     1>neuralnet.cpp(96): warning C4018: '<' : signed/unsigned mismatch
     1>neuralnet.cpp(98): warning C4018: '>=' : signed/unsigned mismatch
     1>neuralnet.cpp(103): warning C4018: '>=' : signed/unsigned mismatch
     1>neuralnet.cpp(120): warning C4018: '<' : signed/unsigned mismatch
     1>neuralnet.cpp(122): warning C4018: '>=' : signed/unsigned mismatch
     1>neuralnet.cpp(127): warning C4018: '>=' : signed/unsigned mismatch
     1>neuralnet.cpp(144): warning C4018: '<' : signed/unsigned mismatch
     1>neuralnet.cpp(146): warning C4018: '>=' : signed/unsigned mismatch
     1>neuralnet.cpp(151): warning C4018: '>=' : signed/unsigned mismatch
     1>neuralnet.cpp(162): warning C4018: '>' : signed/unsigned mismatch
     1>neuralnet.cpp(199): warning C4018: '<' : signed/unsigned mismatch
     1>neuralnet.cpp(222): warning C4018: '<' : signed/unsigned mismatch
     1>neuralnet.cpp(223): warning C4018: '<' : signed/unsigned mismatch
     1>neuralnet.cpp(224): warning C4018: '<' : signed/unsigned mismatch
     1>neuralnet.cpp(234): warning C4018: '<' : signed/unsigned mismatch
     1>neuralnet.cpp(236): warning C4018: '<' : signed/unsigned mismatch
     1>neuralnet.cpp(238): warning C4018: '<' : signed/unsigned mismatch
     1>neuralnet.cpp(254): warning C4018: '<' : signed/unsigned mismatch
     1>neuralnet.cpp(256): warning C4018: '<' : signed/unsigned mismatch
     1>neuralnet.cpp(268): warning C4018: '<' : signed/unsigned mismatch
     1>neuralnet.cpp(302): warning C4018: '<' : signed/unsigned mismatch
     1>neuralnet.cpp(310): warning C4018: '<' : signed/unsigned mismatch
     1>neuralnet.cpp(312): warning C4018: '<' : signed/unsigned mismatch
     1>neuralnet.cpp(352): warning C4018: '<' : signed/unsigned mismatch
     1>neuralnet.cpp(353): warning C4018: '<' : signed/unsigned mismatch
     1>neuralnet.cpp(354): warning C4018: '<' : signed/unsigned mismatch
         neuralnet.h
     1>c:\users\liam\documents\github\convolutionalneuralnetwork\cnn\cnn\ilayer.h(49): warning C4018: '<' : signed/unsigned mismatch
     1>c:\users\liam\documents\github\convolutionalneuralnetwork\cnn\cnn\ilayer.h(50): warning C4018: '<' : signed/unsigned mismatch
     1>c:\users\liam\documents\github\convolutionalneuralnetwork\cnn\cnn\ilayer.h(51): warning C4018: '<' : signed/unsigned mismatch
     1>c:\users\liam\documents\github\convolutionalneuralnetwork\cnn\cnn\ilayer.h(85): warning C4018: '<' : signed/unsigned mismatch
     1>c:\users\liam\documents\github\convolutionalneuralnetwork\cnn\cnn\ilayer.h(87): warning C4018: '<' : signed/unsigned mismatch
     1>c:\users\liam\documents\github\convolutionalneuralnetwork\cnn\cnn\ilayer.h(90): warning C4018: '<' : signed/unsigned mismatch
     1>c:\users\liam\documents\github\convolutionalneuralnetwork\cnn\cnn\ilayer.h(92): warning C4018: '<' : signed/unsigned mismatch
     1>c:\users\liam\documents\github\convolutionalneuralnetwork\cnn\cnn\ilayer.h(104): warning C4018: '<' : signed/unsigned mismatch
     1>c:\users\liam\documents\github\convolutionalneuralnetwork\cnn\cnn\ilayer.h(106): warning C4018: '<' : signed/unsigned mismatch
     1>c:\users\liam\documents\github\convolutionalneuralnetwork\cnn\cnn\ilayer.h(109): warning C4018: '<' : signed/unsigned mismatch
     1>c:\users\liam\documents\github\convolutionalneuralnetwork\cnn\cnn\ilayer.h(111): warning C4018: '<' : signed/unsigned mismatch
     1>c:\users\liam\documents\github\convolutionalneuralnetwork\cnn\cnn\ilayer.h(120): warning C4018: '<' : signed/unsigned mismatch
     1>c:\users\liam\documents\github\convolutionalneuralnetwork\cnn\cnn\ilayer.h(121): warning C4018: '<' : signed/unsigned mismatch
     1>c:\users\liam\documents\github\convolutionalneuralnetwork\cnn\cnn\ilayer.h(145): warning C4018: '<' : signed/unsigned mismatch
     1>c:\users\liam\documents\github\convolutionalneuralnetwork\cnn\cnn\ilayer.h(147): warning C4018: '<' : signed/unsigned mismatch
       Link:
         C:\Program Files (x86)\Microsoft Visual Studio 12.0\VC\bin\link.exe /ERRORREPORT:PROMPT /OUT:"C:\Users\Liam\Documents\GitHub\ConvolutionalNeuralNetwork\CNN\Release\CNN.dll" /NOLOGO kernel32.lib user32.lib gdi32.lib winspool.lib comdlg32.lib advapi32.lib shell32.lib ole32.lib oleaut32.lib uuid.lib odbc32.lib odbccp32.lib /MANIFEST /MANIFESTUAC:"level='asInvoker' uiAccess='false'" /manifest:embed /DEBUG /PDB:"C:\Users\Liam\Documents\GitHub\ConvolutionalNeuralNetwork\CNN\Release\CNN.pdb" /OPT:REF /OPT:ICF /LTCG /TLBID:1 /DYNAMICBASE /NXCOMPAT /IMPLIB:"C:\Users\Liam\Documents\GitHub\ConvolutionalNeuralNetwork\CNN\Release\CNN.lib" /MACHINE:X86 /SAFESEH /DLL Release\imatrix.obj
         Release\main.obj
         Release\neuralnet.obj
         Release\neuralnet.obj
     1>Release\neuralnet.obj : warning LNK4042: object specified more than once; extras ignored
         Generating code
         Finished generating code
         CNN.vcxproj -> C:\Users\Liam\Documents\GitHub\ConvolutionalNeuralNetwork\CNN\Release\CNN.dll
     1>Done Building Project "C:\Users\Liam\Documents\GitHub\ConvolutionalNeuralNetwork\CNN\CNN\CNN.vcxproj" (Build target(s)).

Build succeeded.

Time Elapsed 00:00:03.13
