Build started 11/14/2014 8:31:03 PM.
     1>Project "C:\Users\Liam\Documents\GitHub\ConvolutionalNeuralNetwork\CNN\CNN\CNN.vcxproj" on node 2 (Build target(s)).
     1>ClCompile:
         C:\Program Files (x86)\Microsoft Visual Studio 12.0\VC\bin\CL.exe /c /ZI /nologo /W3 /WX- /sdl /Od /Oy- /D _MBCS /Gm /EHsc /RTC1 /MDd /GS /fp:precise /Zc:wchar_t /Zc:forScope /Fo"Debug\\" /Fd"Debug\vc120.pdb" /Gd /TP /analyze- /errorReport:prompt neuralnet.cpp
         neuralnet.cpp
     1>c:\users\liam\documents\github\convolutionalneuralnetwork\cnn\cnn\ilayer.h(72): warning C4018: '<' : signed/unsigned mismatch
     1>c:\users\liam\documents\github\convolutionalneuralnetwork\cnn\cnn\ilayer.h(73): warning C4018: '<' : signed/unsigned mismatch
     1>c:\users\liam\documents\github\convolutionalneuralnetwork\cnn\cnn\ilayer.h(74): warning C4018: '<' : signed/unsigned mismatch
     1>c:\users\liam\documents\github\convolutionalneuralnetwork\cnn\cnn\ilayer.h(108): warning C4018: '<' : signed/unsigned mismatch
     1>c:\users\liam\documents\github\convolutionalneuralnetwork\cnn\cnn\ilayer.h(110): warning C4018: '<' : signed/unsigned mismatch
     1>c:\users\liam\documents\github\convolutionalneuralnetwork\cnn\cnn\ilayer.h(112): warning C4018: '<' : signed/unsigned mismatch
     1>c:\users\liam\documents\github\convolutionalneuralnetwork\cnn\cnn\ilayer.h(124): warning C4018: '<' : signed/unsigned mismatch
     1>c:\users\liam\documents\github\convolutionalneuralnetwork\cnn\cnn\ilayer.h(127): warning C4018: '<' : signed/unsigned mismatch
     1>c:\users\liam\documents\github\convolutionalneuralnetwork\cnn\cnn\ilayer.h(129): warning C4018: '<' : signed/unsigned mismatch
     1>c:\users\liam\documents\github\convolutionalneuralnetwork\cnn\cnn\ilayer.h(138): warning C4018: '<' : signed/unsigned mismatch
     1>c:\users\liam\documents\github\convolutionalneuralnetwork\cnn\cnn\ilayer.h(161): warning C4018: '<' : signed/unsigned mismatch
     1>c:\users\liam\documents\github\convolutionalneuralnetwork\cnn\cnn\ilayer.h(163): warning C4018: '<' : signed/unsigned mismatch
     1>c:\users\liam\documents\github\convolutionalneuralnetwork\cnn\cnn\neuralnet.cpp(20): warning C4018: '<' : signed/unsigned mismatch
     1>c:\users\liam\documents\github\convolutionalneuralnetwork\cnn\cnn\neuralnet.cpp(26): warning C4101: 'e' : unreferenced local variable
     1>c:\users\liam\documents\github\convolutionalneuralnetwork\cnn\cnn\neuralnet.cpp(39): warning C4018: '<' : signed/unsigned mismatch
     1>c:\users\liam\documents\github\convolutionalneuralnetwork\cnn\cnn\neuralnet.cpp(46): warning C4018: '<' : signed/unsigned mismatch
     1>c:\users\liam\documents\github\convolutionalneuralnetwork\cnn\cnn\neuralnet.cpp(49): warning C4018: '<' : signed/unsigned mismatch
     1>c:\users\liam\documents\github\convolutionalneuralnetwork\cnn\cnn\neuralnet.cpp(50): warning C4018: '<' : signed/unsigned mismatch
     1>c:\users\liam\documents\github\convolutionalneuralnetwork\cnn\cnn\neuralnet.cpp(51): warning C4018: '<' : signed/unsigned mismatch
     1>c:\users\liam\documents\github\convolutionalneuralnetwork\cnn\cnn\neuralnet.cpp(56): warning C4018: '<' : signed/unsigned mismatch
     1>c:\users\liam\documents\github\convolutionalneuralnetwork\cnn\cnn\neuralnet.cpp(59): warning C4018: '<' : signed/unsigned mismatch
     1>c:\users\liam\documents\github\convolutionalneuralnetwork\cnn\cnn\neuralnet.cpp(60): warning C4018: '<' : signed/unsigned mismatch
     1>c:\users\liam\documents\github\convolutionalneuralnetwork\cnn\cnn\neuralnet.cpp(61): warning C4018: '<' : signed/unsigned mismatch
     1>c:\users\liam\documents\github\convolutionalneuralnetwork\cnn\cnn\neuralnet.cpp(84): warning C4018: '<' : signed/unsigned mismatch
     1>c:\users\liam\documents\github\convolutionalneuralnetwork\cnn\cnn\neuralnet.cpp(86): warning C4018: '>=' : signed/unsigned mismatch
     1>c:\users\liam\documents\github\convolutionalneuralnetwork\cnn\cnn\neuralnet.cpp(91): warning C4018: '>=' : signed/unsigned mismatch
     1>c:\users\liam\documents\github\convolutionalneuralnetwork\cnn\cnn\neuralnet.cpp(108): warning C4018: '<' : signed/unsigned mismatch
     1>c:\users\liam\documents\github\convolutionalneuralnetwork\cnn\cnn\neuralnet.cpp(110): warning C4018: '>=' : signed/unsigned mismatch
     1>c:\users\liam\documents\github\convolutionalneuralnetwork\cnn\cnn\neuralnet.cpp(115): warning C4018: '>=' : signed/unsigned mismatch
     1>c:\users\liam\documents\github\convolutionalneuralnetwork\cnn\cnn\neuralnet.cpp(126): warning C4018: '>' : signed/unsigned mismatch
     1>c:\users\liam\documents\github\convolutionalneuralnetwork\cnn\cnn\neuralnet.cpp(158): warning C4018: '<' : signed/unsigned mismatch
     1>c:\users\liam\documents\github\convolutionalneuralnetwork\cnn\cnn\neuralnet.cpp(180): warning C4018: '<' : signed/unsigned mismatch
     1>c:\users\liam\documents\github\convolutionalneuralnetwork\cnn\cnn\neuralnet.cpp(181): warning C4018: '<' : signed/unsigned mismatch
     1>c:\users\liam\documents\github\convolutionalneuralnetwork\cnn\cnn\neuralnet.cpp(182): warning C4018: '<' : signed/unsigned mismatch
     1>c:\users\liam\documents\github\convolutionalneuralnetwork\cnn\cnn\neuralnet.cpp(192): warning C4018: '<' : signed/unsigned mismatch
     1>c:\users\liam\documents\github\convolutionalneuralnetwork\cnn\cnn\neuralnet.cpp(194): warning C4018: '<' : signed/unsigned mismatch
     1>c:\users\liam\documents\github\convolutionalneuralnetwork\cnn\cnn\neuralnet.cpp(196): warning C4018: '<' : signed/unsigned mismatch
     1>c:\users\liam\documents\github\convolutionalneuralnetwork\cnn\cnn\neuralnet.cpp(213): warning C4018: '<' : signed/unsigned mismatch
     1>c:\users\liam\documents\github\convolutionalneuralnetwork\cnn\cnn\neuralnet.cpp(243): warning C4018: '<' : signed/unsigned mismatch
     1>c:\users\liam\documents\github\convolutionalneuralnetwork\cnn\cnn\neuralnet.cpp(251): warning C4018: '<' : signed/unsigned mismatch
     1>c:\users\liam\documents\github\convolutionalneuralnetwork\cnn\cnn\neuralnet.cpp(253): warning C4018: '<' : signed/unsigned mismatch
     1>c:\users\liam\documents\github\convolutionalneuralnetwork\cnn\cnn\neuralnet.cpp(289): warning C4018: '<' : signed/unsigned mismatch
     1>c:\users\liam\documents\github\convolutionalneuralnetwork\cnn\cnn\neuralnet.cpp(290): warning C4018: '<' : signed/unsigned mismatch
     1>c:\users\liam\documents\github\convolutionalneuralnetwork\cnn\cnn\neuralnet.cpp(291): warning C4018: '<' : signed/unsigned mismatch
       Link:
         C:\Program Files (x86)\Microsoft Visual Studio 12.0\VC\bin\link.exe /ERRORREPORT:PROMPT /OUT:"C:\Users\Liam\Documents\GitHub\ConvolutionalNeuralNetwork\CNN\Debug\CNN.exe" /INCREMENTAL /NOLOGO kernel32.lib user32.lib gdi32.lib winspool.lib comdlg32.lib advapi32.lib shell32.lib ole32.lib oleaut32.lib uuid.lib odbc32.lib odbccp32.lib /MANIFEST /MANIFESTUAC:"level='asInvoker' uiAccess='false'" /manifest:embed /DEBUG /PDB:"C:\Users\Liam\Documents\GitHub\ConvolutionalNeuralNetwork\CNN\Debug\CNN.pdb" /TLBID:1 /DYNAMICBASE /NXCOMPAT /IMPLIB:"C:\Users\Liam\Documents\GitHub\ConvolutionalNeuralNetwork\CNN\Debug\CNN.lib" /MACHINE:X86 Debug\imatrix.obj
         Debug\neuralnet.obj
         Debug\neuralnet.obj
         Debug\main.obj
         CNN.vcxproj -> C:\Users\Liam\Documents\GitHub\ConvolutionalNeuralNetwork\CNN\Debug\CNN.exe
     1>Done Building Project "C:\Users\Liam\Documents\GitHub\ConvolutionalNeuralNetwork\CNN\CNN\CNN.vcxproj" (Build target(s)).

Build succeeded.

Time Elapsed 00:00:01.39
